\BOOKMARK [0][-]{chapter.1}{Wstep}{}% 1
\BOOKMARK [1][-]{section.1.1}{Za\233ozenia projektu}{chapter.1}% 2
\BOOKMARK [1][-]{section.1.2}{Zjawisko luminescencji w skaleniach}{chapter.1}% 3
\BOOKMARK [1][-]{section.1.3}{Zjawisko tunelowania}{chapter.1}% 4
\BOOKMARK [0][-]{chapter.2}{Wyb\363r stosowanych technologii}{}% 5
\BOOKMARK [1][-]{section.2.1}{Jezyk C++11 oraz wyb\363r kompilatora}{chapter.2}% 6
\BOOKMARK [1][-]{section.2.2}{Srodowisko programistyczne}{chapter.2}% 7
\BOOKMARK [1][-]{section.2.3}{System kontroli wersji Git}{chapter.2}% 8
\BOOKMARK [1][-]{section.2.4}{Wizualizacja wynik\363w - Gnuplot}{chapter.2}% 9
\BOOKMARK [0][-]{chapter.3}{Implementacja}{}% 10
\BOOKMARK [1][-]{section.3.1}{Kod}{chapter.3}% 11
\BOOKMARK [2][-]{subsection.3.1.1}{Konwencja nazw}{section.3.1}% 12
\BOOKMARK [2][-]{subsection.3.1.2}{Formatowanie i dokumentacja}{section.3.1}% 13
\BOOKMARK [1][-]{section.3.2}{Klasy}{chapter.3}% 14
\BOOKMARK [1][-]{section.3.3}{Opis dzia\233ania programu}{chapter.3}% 15
\BOOKMARK [0][-]{chapter.4}{Analiza wynik\363w}{}% 16
\BOOKMARK [1][-]{section.4.1}{Wygenerowane wykresy}{chapter.4}% 17
\BOOKMARK [1][-]{section.4.2}{Analiza wykres\363w}{chapter.4}% 18
\BOOKMARK [0][-]{chapter.5}{Podsumowanie}{}% 19
\BOOKMARK [1][-]{section.5.1}{Dalszy rozw\363j programu}{chapter.5}% 20
\BOOKMARK [1][-]{section.5.2}{Wnioski}{chapter.5}% 21
