This is pdfTeX, Version 3.14159265-2.6-1.40.17 (MiKTeX 2.9.6100 64-bit) (preloaded format=pdflatex 2016.12.19)  5 JAN 2017 19:24
entering extended mode
**./tytul.tex
(tytul.tex
LaTeX2e <2016/03/31> patch level 3
Babel <3.9r> and hyphenation patterns for 75 language(s) loaded.
! Undefined control sequence.
l.2 \includegraphics
                    [height=37.5mm]{agh_nzw_a_pl_1w_wbr_cmyk.eps}\\
The control sequence at the end of the top line
of your error message was never \def'ed. If you have
misspelled it (e.g., `\hobx'), type `I' and the correct
spelling (e.g., `I\hbox'). Otherwise just continue,
and I'll forget about whatever was undefined.


! LaTeX Error: Missing \begin{document}.

See the LaTeX manual or LaTeX Companion for explanation.
Type  H <return>  for immediate help.
 ...                                              
                                                  
l.2 \includegraphics[
                     height=37.5mm]{agh_nzw_a_pl_1w_wbr_cmyk.eps}\\
You're in trouble here.  Try typing  <return>  to proceed.
If that doesn't work, type  X <return>  to quit.

Missing character: There is no [ in font nullfont!
Missing character: There is no h in font nullfont!
Missing character: There is no e in font nullfont!
Missing character: There is no i in font nullfont!
Missing character: There is no g in font nullfont!
Missing character: There is no h in font nullfont!
Missing character: There is no t in font nullfont!
Missing character: There is no = in font nullfont!
Missing character: There is no 3 in font nullfont!
Missing character: There is no 7 in font nullfont!
Missing character: There is no . in font nullfont!
Missing character: There is no 5 in font nullfont!
Missing character: There is no m in font nullfont!
Missing character: There is no m in font nullfont!
Missing character: There is no ] in font nullfont!
Missing character: There is no a in font nullfont!
Missing character: There is no g in font nullfont!
Missing character: There is no h in font nullfont!
! Missing $ inserted.
<inserted text> 
                $
l.2 \includegraphics[height=37.5mm]{agh_
                                        nzw_a_pl_1w_wbr_cmyk.eps}\\
I've inserted a begin-math/end-math symbol since I think
you left one out. Proceed, with fingers crossed.

LaTeX Font Info:    External font `cmex10' loaded for size
(Font)              <7> on input line 2.
LaTeX Font Info:    External font `cmex10' loaded for size
(Font)              <5> on input line 2.
! Double subscript.
l.2 \includegraphics[height=37.5mm]{agh_nzw_a_
                                              pl_1w_wbr_cmyk.eps}\\
I treat `x_1_2' essentially like `x_1{}_2'.

! Extra }, or forgotten $.
l.2 ...eight=37.5mm]{agh_nzw_a_pl_1w_wbr_cmyk.eps}
                                                  \\
I've deleted a group-closing symbol because it seems to be
spurious, as in `$x}$'. But perhaps the } is legitimate and
you forgot something else, as in `\hbox{$x}'. In such cases
the way to recover is to insert both the forgotten and the
deleted material, e.g., by typing `I$}'.

! Undefined control sequence.
l.4 {\large
           \textsf{Wydzia≈Ç Fizyki i Informatyki Stosowanej}}\\
The control sequence at the end of the top line
of your error message was never \def'ed. If you have
misspelled it (e.g., `\hobx'), type `I' and the correct
spelling (e.g., `I\hbox'). Otherwise just continue,
and I'll forget about whatever was undefined.

Missing character: There is no ≈ in font cmss10!
Missing character: There is no Ç in font cmss10!
! Missing $ inserted.
<inserted text> 
                $
l.9 \begin{center}
                  
I've inserted a begin-math/end-math symbol since I think
you left one out. Proceed, with fingers crossed.

! Missing \endgroup inserted.
<inserted text> 
                \endgroup 
l.9 \begin{center}
                  
I've inserted something that you may have forgotten.
(See the <inserted text> above.)
With luck, this will get me unwedged. But if you
really didn't forget anything, try typing `2' now; then
my insertion and my current dilemma will both disappear.


Overfull \hbox (117.84764pt too wide) in paragraph at lines 2--9
[]$[]\OML/cmm/m/it/10 zw[][]l[]w[]br[]myk:eps[] 
 []


Overfull \hbox (249.63638pt too wide) in paragraph at lines 2--9
[][][] 
 []


Overfull \hbox (8191.99998pt too wide) in paragraph at lines 2--9
[][] 
 []


Overfull \hbox (8191.99998pt too wide) in paragraph at lines 2--9
[][] 
 []

! Undefined control sequence.
l.10 {\bf
         \LARGE\textsf{Praca in≈ºynierska}}\\
The control sequence at the end of the top line
of your error message was never \def'ed. If you have
misspelled it (e.g., `\hobx'), type `I' and the correct
spelling (e.g., `I\hbox'). Otherwise just continue,
and I'll forget about whatever was undefined.

! Undefined control sequence.
l.10 {\bf\LARGE
               \textsf{Praca in≈ºynierska}}\\
The control sequence at the end of the top line
of your error message was never \def'ed. If you have
misspelled it (e.g., `\hobx'), type `I' and the correct
spelling (e.g., `I\hbox'). Otherwise just continue,
and I'll forget about whatever was undefined.

Missing character: There is no ≈ in font cmss10!
Missing character: There is no º in font cmss10!

Overfull \hbox (23.86118pt too wide) in paragraph at lines 10--10
 \OT1/cmss/m/n/10 Praca 
 []


Overfull \hbox (10.88889pt too wide) in paragraph at lines 10--10
 \OT1/cmss/m/n/10 in- 
 []


Overfull \hbox (23.36115pt too wide) in paragraph at lines 10--10
 \OT1/cmss/m/n/10 ynier- 
 []


Overfull \hbox (13.25003pt too wide) in paragraph at lines 10--10
 \OT1/cmss/m/n/10 ska 
 []

! Undefined control sequence.
l.13 {\bf
         \Large\textsf{Olaf Schab}}\\
The control sequence at the end of the top line
of your error message was never \def'ed. If you have
misspelled it (e.g., `\hobx'), type `I' and the correct
spelling (e.g., `I\hbox'). Otherwise just continue,
and I'll forget about whatever was undefined.

! Undefined control sequence.
l.13 {\bf\Large
               \textsf{Olaf Schab}}\\
The control sequence at the end of the top line
of your error message was never \def'ed. If you have
misspelled it (e.g., `\hobx'), type `I' and the correct
spelling (e.g., `I\hbox'). Otherwise just continue,
and I'll forget about whatever was undefined.


Overfull \hbox (17.61115pt too wide) in paragraph at lines 13--13
 []\OT1/cmss/m/n/10 Olaf 
 []


Overfull \hbox (25.13893pt too wide) in paragraph at lines 13--13
 \OT1/cmss/m/n/10 Schab 
 []

! Undefined control sequence.
l.15 {\sf
          \small kierunek studi√≥w:} {\bf\small\textsf{informatyka stosowana...
The control sequence at the end of the top line
of your error message was never \def'ed. If you have
misspelled it (e.g., `\hobx'), type `I' and the correct
spelling (e.g., `I\hbox'). Otherwise just continue,
and I'll forget about whatever was undefined.

! Undefined control sequence.
l.15 {\sf \small
                 kierunek studi√≥w:} {\bf\small\textsf{informatyka stosowana...
The control sequence at the end of the top line
of your error message was never \def'ed. If you have
misspelled it (e.g., `\hobx'), type `I' and the correct
spelling (e.g., `I\hbox'). Otherwise just continue,
and I'll forget about whatever was undefined.

Missing character: There is no k in font nullfont!
Missing character: There is no i in font nullfont!
Missing character: There is no e in font nullfont!
Missing character: There is no r in font nullfont!
Missing character: There is no u in font nullfont!
Missing character: There is no n in font nullfont!
Missing character: There is no e in font nullfont!
Missing character: There is no k in font nullfont!
Missing character: There is no s in font nullfont!
Missing character: There is no t in font nullfont!
Missing character: There is no u in font nullfont!
Missing character: There is no d in font nullfont!
Missing character: There is no i in font nullfont!
Missing character: There is no √ in font nullfont!
Missing character: There is no ≥ in font nullfont!
Missing character: There is no w in font nullfont!
Missing character: There is no : in font nullfont!
! Undefined control sequence.
l.15 {\sf \small kierunek studi√≥w:} {\bf
                                         \small\textsf{informatyka stosowana...
The control sequence at the end of the top line
of your error message was never \def'ed. If you have
misspelled it (e.g., `\hobx'), type `I' and the correct
spelling (e.g., `I\hbox'). Otherwise just continue,
and I'll forget about whatever was undefined.

! Undefined control sequence.
l.15 {\sf \small kierunek studi√≥w:} {\bf\small
                                               \textsf{informatyka stosowana...
The control sequence at the end of the top line
of your error message was never \def'ed. If you have
misspelled it (e.g., `\hobx'), type `I' and the correct
spelling (e.g., `I\hbox'). Otherwise just continue,
and I'll forget about whatever was undefined.


Overfull \hbox (10.88889pt too wide) in paragraph at lines 15--15
 \OT1/cmss/m/n/10 in- 
 []


Overfull \hbox (14.52782pt too wide) in paragraph at lines 15--15
 \OT1/cmss/m/n/10 for- 
 []


Overfull \hbox (30.11119pt too wide) in paragraph at lines 15--15
 \OT1/cmss/m/n/10 matyka 
 []


Overfull \hbox (42.3334pt too wide) in paragraph at lines 15--15
 \OT1/cmss/m/n/10 stosowana 
 []

! Undefined control sequence.
l.18 {\bf
         \huge\textsf{Symulacja komputerowa zaniku sygna≈Çu luminescencyjneg...
The control sequence at the end of the top line
of your error message was never \def'ed. If you have
misspelled it (e.g., `\hobx'), type `I' and the correct
spelling (e.g., `I\hbox'). Otherwise just continue,
and I'll forget about whatever was undefined.

! Undefined control sequence.
l.18 {\bf\huge
              \textsf{Symulacja komputerowa zaniku sygna≈Çu luminescencyjneg...
The control sequence at the end of the top line
of your error message was never \def'ed. If you have
misspelled it (e.g., `\hobx'), type `I' and the correct
spelling (e.g., `I\hbox'). Otherwise just continue,
and I'll forget about whatever was undefined.

Missing character: There is no ≈ in font cmss10!
Missing character: There is no Ç in font cmss10!

Overfull \hbox (42.38898pt too wide) in paragraph at lines 18--18
 []\OT1/cmss/m/n/10 Symulacja 
 []


Overfull \hbox (20.88893pt too wide) in paragraph at lines 18--18
 \OT1/cmss/m/n/10 kom- 
 []


Overfull \hbox (17.27779pt too wide) in paragraph at lines 18--18
 \OT1/cmss/m/n/10 put- 
 []


Overfull \hbox (23.9445pt too wide) in paragraph at lines 18--18
 \OT1/cmss/m/n/10 erowa 
 []


Overfull \hbox (26.76395pt too wide) in paragraph at lines 18--18
 \OT1/cmss/m/n/10 zaniku 
 []


Overfull \hbox (16.7778pt too wide) in paragraph at lines 18--18
 \OT1/cmss/m/n/10 syg- 
 []


Overfull \hbox (15.13892pt too wide) in paragraph at lines 18--18
 \OT1/cmss/m/n/10 nau 
 []


Overfull \hbox (10.88889pt too wide) in paragraph at lines 18--18
 \OT1/cmss/m/n/10 lu- 
 []


Overfull \hbox (13.66667pt too wide) in paragraph at lines 18--18
 \OT1/cmss/m/n/10 mi- 
 []


Overfull \hbox (16.77777pt too wide) in paragraph at lines 18--18
 \OT1/cmss/m/n/10 nes- 
 []


Overfull \hbox (17.38889pt too wide) in paragraph at lines 18--18
 \OT1/cmss/m/n/10 cen- 
 []


Overfull \hbox (31.33339pt too wide) in paragraph at lines 18--18
 \OT1/cmss/m/n/10 cyjnego 
 []


Overfull \hbox (6.83336pt too wide) in paragraph at lines 18--18
 \OT1/cmss/m/n/10 w 
 []


Overfull \hbox (23.41669pt too wide) in paragraph at lines 18--18
 \OT1/cmss/m/n/10 skale- 
 []


Overfull \hbox (10.88889pt too wide) in paragraph at lines 18--18
 \OT1/cmss/m/n/10 ni- 
 []


Overfull \hbox (14.41669pt too wide) in paragraph at lines 18--18
 \OT1/cmss/m/n/10 ach 
 []

! Undefined control sequence.
l.21 {\sf
          \Large Opiekun:} {\bf\Large\textsf{dr in≈º. Grzegorz Gach}}\\
The control sequence at the end of the top line
of your error message was never \def'ed. If you have
misspelled it (e.g., `\hobx'), type `I' and the correct
spelling (e.g., `I\hbox'). Otherwise just continue,
and I'll forget about whatever was undefined.

! Undefined control sequence.
l.21 {\sf \Large
                 Opiekun:} {\bf\Large\textsf{dr in≈º. Grzegorz Gach}}\\
The control sequence at the end of the top line
of your error message was never \def'ed. If you have
misspelled it (e.g., `\hobx'), type `I' and the correct
spelling (e.g., `I\hbox'). Otherwise just continue,
and I'll forget about whatever was undefined.

Missing character: There is no O in font nullfont!
Missing character: There is no p in font nullfont!
Missing character: There is no i in font nullfont!
Missing character: There is no e in font nullfont!
Missing character: There is no k in font nullfont!
Missing character: There is no u in font nullfont!
Missing character: There is no n in font nullfont!
Missing character: There is no : in font nullfont!
! Undefined control sequence.
l.21 {\sf \Large Opiekun:} {\bf
                               \Large\textsf{dr in≈º. Grzegorz Gach}}\\
The control sequence at the end of the top line
of your error message was never \def'ed. If you have
misspelled it (e.g., `\hobx'), type `I' and the correct
spelling (e.g., `I\hbox'). Otherwise just continue,
and I'll forget about whatever was undefined.

! Undefined control sequence.
l.21 {\sf \Large Opiekun:} {\bf\Large
                                     \textsf{dr in≈º. Grzegorz Gach}}\\
The control sequence at the end of the top line
of your error message was never \def'ed. If you have
misspelled it (e.g., `\hobx'), type `I' and the correct
spelling (e.g., `I\hbox'). Otherwise just continue,
and I'll forget about whatever was undefined.

Missing character: There is no ≈ in font cmss10!
Missing character: There is no º in font cmss10!

Overfull \hbox (8.58336pt too wide) in paragraph at lines 21--21
 \OT1/cmss/m/n/10 dr 
 []


Overfull \hbox (10.33334pt too wide) in paragraph at lines 21--21
 \OT1/cmss/m/n/10 in. 
 []


Overfull \hbox (22.20837pt too wide) in paragraph at lines 21--21
 \OT1/cmss/m/n/10 Grze- 
 []


Overfull \hbox (17.48616pt too wide) in paragraph at lines 21--21
 \OT1/cmss/m/n/10 gorz 
 []


Overfull \hbox (21.08337pt too wide) in paragraph at lines 21--21
 \OT1/cmss/m/n/10 Gach 
 []

! Undefined control sequence.
<recently read> \bf 
                    
l.23 ...{\bf\large\textsf{Krak√≥w, stycze≈Ñ 2017}}
                                                  
The control sequence at the end of the top line
of your error message was never \def'ed. If you have
misspelled it (e.g., `\hobx'), type `I' and the correct
spelling (e.g., `I\hbox'). Otherwise just continue,
and I'll forget about whatever was undefined.

! Undefined control sequence.
<argument> \bf \large 
                      \textsf {Krak√≥w, stycze≈Ñ 2017}
l.23 ...{\bf\large\textsf{Krak√≥w, stycze≈Ñ 2017}}
                                                  
The control sequence at the end of the top line
of your error message was never \def'ed. If you have
misspelled it (e.g., `\hobx'), type `I' and the correct
spelling (e.g., `I\hbox'). Otherwise just continue,
and I'll forget about whatever was undefined.

Missing character: There is no √ in font cmss10!
Missing character: There is no ≥ in font cmss10!
Missing character: There is no ≈ in font cmss10!
Missing character: There is no Ñ in font cmss10!

Overfull \hbox (29.6668pt too wide) in paragraph at lines 23--24
 []\OT1/cmss/m/n/10 Krakw, 
 []


Overfull \hbox (15.11111pt too wide) in paragraph at lines 23--24
 \OT1/cmss/m/n/10 sty- 
 []


Overfull \hbox (13.23611pt too wide) in paragraph at lines 23--24
 \OT1/cmss/m/n/10 cze 
 []


Overfull \hbox (20.00006pt too wide) in paragraph at lines 23--24
 \OT1/cmss/m/n/10 2017 
 []


! LaTeX Error: \begin{document} ended by \end{center}.

See the LaTeX manual or LaTeX Companion for explanation.
Type  H <return>  for immediate help.
 ...                                              
                                                  
l.24 \end{center}
                 
Your command was ignored.
Type  I <command> <return>  to replace it with another command,
or  <return>  to continue without it.

! Missing } inserted.
<inserted text> 
                }
l.24 \end{center}
                 
I've inserted something that you may have forgotten.
(See the <inserted text> above.)
With luck, this will get me unwedged. But if you
really didn't forget anything, try typing `2' now; then
my insertion and my current dilemma will both disappear.

! Extra \endgroup.
<recently read> \endgroup 
                          
l.24 \end{center}
                 
Things are pretty mixed up, but I think the worst is over.


! LaTeX Error: The font size command \normalsize is not defined:
               there is probably something wrong with the class file.

See the LaTeX manual or LaTeX Companion for explanation.
Type  H <return>  for immediate help.
 ...                                              
                                                  
l.27 \newpage
             
Your command was ignored.
Type  I <command> <return>  to replace it with another command,
or  <return>  to continue without it.

[1{C:/Users/olav/AppData/Local/MiKTeX/2.9/pdftex/config/pdftex.map}]
! Undefined control sequence.
l.30 {\sf
          O≈õwiadczam, ≈õwiadomy(-a) odpowiedzialno≈õci karnej za po≈õwiadcz...
The control sequence at the end of the top line
of your error message was never \def'ed. If you have
misspelled it (e.g., `\hobx'), type `I' and the correct
spelling (e.g., `I\hbox'). Otherwise just continue,
and I'll forget about whatever was undefined.

Missing character: There is no O in font nullfont!
Missing character: There is no ≈ in font nullfont!
Missing character: There is no õ in font nullfont!
Missing character: There is no w in font nullfont!
Missing character: There is no i in font nullfont!
Missing character: There is no a in font nullfont!
Missing character: There is no d in font nullfont!
Missing character: There is no c in font nullfont!
Missing character: There is no z in font nullfont!
Missing character: There is no a in font nullfont!
Missing character: There is no m in font nullfont!
Missing character: There is no , in font nullfont!
Missing character: There is no ≈ in font nullfont!
Missing character: There is no õ in font nullfont!
Missing character: There is no w in font nullfont!
Missing character: There is no i in font nullfont!
Missing character: There is no a in font nullfont!
Missing character: There is no d in font nullfont!
Missing character: There is no o in font nullfont!
Missing character: There is no m in font nullfont!
Missing character: There is no y in font nullfont!
Missing character: There is no ( in font nullfont!
Missing character: There is no - in font nullfont!
Missing character: There is no a in font nullfont!
Missing character: There is no ) in font nullfont!
Missing character: There is no o in font nullfont!
Missing character: There is no d in font nullfont!
Missing character: There is no p in font nullfont!
Missing character: There is no o in font nullfont!
Missing character: There is no w in font nullfont!
Missing character: There is no i in font nullfont!
Missing character: There is no e in font nullfont!
Missing character: There is no d in font nullfont!
Missing character: There is no z in font nullfont!
Missing character: There is no i in font nullfont!
Missing character: There is no a in font nullfont!
Missing character: There is no l in font nullfont!
Missing character: There is no n in font nullfont!
Missing character: There is no o in font nullfont!
Missing character: There is no ≈ in font nullfont!
Missing character: There is no õ in font nullfont!
Missing character: There is no c in font nullfont!
Missing character: There is no i in font nullfont!
Missing character: There is no k in font nullfont!
Missing character: There is no a in font nullfont!
Missing character: There is no r in font nullfont!
Missing character: There is no n in font nullfont!
Missing character: There is no e in font nullfont!
Missing character: There is no j in font nullfont!
Missing character: There is no z in font nullfont!
Missing character: There is no a in font nullfont!
Missing character: There is no p in font nullfont!
Missing character: There is no o in font nullfont!
Missing character: There is no ≈ in font nullfont!
Missing character: There is no õ in font nullfont!
Missing character: There is no w in font nullfont!
Missing character: There is no i in font nullfont!
Missing character: There is no a in font nullfont!
Missing character: There is no d in font nullfont!
Missing character: There is no c in font nullfont!
Missing character: There is no z in font nullfont!
Missing character: There is no e in font nullfont!
Missing character: There is no n in font nullfont!
Missing character: There is no i in font nullfont!
Missing character: There is no e in font nullfont!
Missing character: There is no n in font nullfont!
Missing character: There is no i in font nullfont!
Missing character: There is no e in font nullfont!
Missing character: There is no p in font nullfont!
Missing character: There is no r in font nullfont!
Missing character: There is no a in font nullfont!
Missing character: There is no w in font nullfont!
Missing character: There is no d in font nullfont!
Missing character: There is no y in font nullfont!
Missing character: There is no , in font nullfont!
Missing character: There is no ≈ in font nullfont!
Missing character: There is no º in font nullfont!
Missing character: There is no e in font nullfont!
Missing character: There is no n in font nullfont!
Missing character: There is no i in font nullfont!
Missing character: There is no n in font nullfont!
Missing character: There is no i in font nullfont!
Missing character: There is no e in font nullfont!
Missing character: There is no j in font nullfont!
Missing character: There is no s in font nullfont!
Missing character: There is no z in font nullfont!
Missing character: There is no ƒ in font nullfont!
Missing character: There is no Ö in font nullfont!
Missing character: There is no p in font nullfont!
Missing character: There is no r in font nullfont!
Missing character: There is no a in font nullfont!
Missing character: There is no c in font nullfont!
Missing character: There is no ƒ in font nullfont!
Missing character: There is no ô in font nullfont!
Missing character: There is no d in font nullfont!
Missing character: There is no y in font nullfont!
Missing character: There is no p in font nullfont!
Missing character: There is no l in font nullfont!
Missing character: There is no o in font nullfont!
Missing character: There is no m in font nullfont!
Missing character: There is no o in font nullfont!
Missing character: There is no w in font nullfont!
Missing character: There is no ƒ in font nullfont!
Missing character: There is no Ö in font nullfont!
Missing character: There is no w in font nullfont!
Missing character: There is no y in font nullfont!
Missing character: There is no k in font nullfont!
Missing character: There is no o in font nullfont!
Missing character: There is no n in font nullfont!
Missing character: There is no a in font nullfont!
Missing character: There is no ≈ in font nullfont!
Missing character: There is no Ç in font nullfont!
Missing character: There is no e in font nullfont!
Missing character: There is no m in font nullfont!
Missing character: There is no ( in font nullfont!
Missing character: There is no - in font nullfont!
Missing character: There is no a in font nullfont!
Missing character: There is no m in font nullfont!
Missing character: There is no ) in font nullfont!
Missing character: There is no o in font nullfont!
Missing character: There is no s in font nullfont!
Missing character: There is no o in font nullfont!
Missing character: There is no b in font nullfont!
Missing character: There is no i in font nullfont!
Missing character: There is no ≈ in font nullfont!
Missing character: There is no õ in font nullfont!
Missing character: There is no c in font nullfont!
Missing character: There is no i in font nullfont!
Missing character: There is no e in font nullfont!
Missing character: There is no i in font nullfont!
Missing character: There is no s in font nullfont!
Missing character: There is no a in font nullfont!
Missing character: There is no m in font nullfont!
Missing character: There is no o in font nullfont!
Missing character: There is no d in font nullfont!
Missing character: There is no z in font nullfont!
Missing character: There is no i in font nullfont!
Missing character: There is no e in font nullfont!
Missing character: There is no l in font nullfont!
Missing character: There is no n in font nullfont!
Missing character: There is no i in font nullfont!
Missing character: There is no e in font nullfont!
Missing character: There is no i in font nullfont!
Missing character: There is no n in font nullfont!
Missing character: There is no i in font nullfont!
Missing character: There is no e in font nullfont!
Missing character: There is no k in font nullfont!
Missing character: There is no o in font nullfont!
Missing character: There is no r in font nullfont!
Missing character: There is no z in font nullfont!
Missing character: There is no y in font nullfont!
Missing character: There is no s in font nullfont!
Missing character: There is no t in font nullfont!
Missing character: There is no a in font nullfont!
Missing character: There is no ≈ in font nullfont!
Missing character: There is no Ç in font nullfont!
Missing character: There is no e in font nullfont!
Missing character: There is no m in font nullfont!
Missing character: There is no ( in font nullfont!
Missing character: There is no - in font nullfont!
Missing character: There is no a in font nullfont!
Missing character: There is no m in font nullfont!
Missing character: There is no ) in font nullfont!
Missing character: There is no z in font nullfont!
Missing character: There is no e in font nullfont!
Missing character: There is no ≈ in font nullfont!
Missing character: There is no ∫ in font nullfont!
Missing character: There is no r in font nullfont!
Missing character: There is no √ in font nullfont!
Missing character: There is no ≥ in font nullfont!
Missing character: There is no d in font nullfont!
Missing character: There is no e in font nullfont!
Missing character: There is no ≈ in font nullfont!
Missing character: There is no Ç in font nullfont!
Missing character: There is no i in font nullfont!
Missing character: There is no n in font nullfont!
Missing character: There is no n in font nullfont!
Missing character: There is no y in font nullfont!
Missing character: There is no c in font nullfont!
Missing character: There is no h in font nullfont!
Missing character: There is no n in font nullfont!
Missing character: There is no i in font nullfont!
Missing character: There is no ≈ in font nullfont!
Missing character: There is no º in font nullfont!
Missing character: There is no w in font nullfont!
Missing character: There is no y in font nullfont!
Missing character: There is no m in font nullfont!
Missing character: There is no i in font nullfont!
Missing character: There is no e in font nullfont!
Missing character: There is no n in font nullfont!
Missing character: There is no i in font nullfont!
Missing character: There is no o in font nullfont!
Missing character: There is no n in font nullfont!
Missing character: There is no e in font nullfont!
Missing character: There is no w in font nullfont!
Missing character: There is no p in font nullfont!
Missing character: There is no r in font nullfont!
Missing character: There is no a in font nullfont!
Missing character: There is no c in font nullfont!
Missing character: There is no y in font nullfont!
Missing character: There is no . in font nullfont!

Overfull \hbox (20.0pt too wide) in paragraph at lines 30--31
[]
 []


Overfull \hbox (20.0pt too wide) in paragraph at lines 34--34
[] 
 []

Missing character: There is no . in font nullfont!
Missing character: There is no . in font nullfont!
Missing character: There is no . in font nullfont!
Missing character: There is no . in font nullfont!
Missing character: There is no . in font nullfont!
Missing character: There is no . in font nullfont!
Missing character: There is no . in font nullfont!
Missing character: There is no . in font nullfont!
Missing character: There is no . in font nullfont!
Missing character: There is no . in font nullfont!
Missing character: There is no . in font nullfont!
Missing character: There is no . in font nullfont!
Missing character: There is no . in font nullfont!
Missing character: There is no . in font nullfont!
Missing character: There is no . in font nullfont!
Missing character: There is no . in font nullfont!
Missing character: There is no . in font nullfont!
Missing character: There is no . in font nullfont!
Missing character: There is no . in font nullfont!
Missing character: There is no . in font nullfont!
Missing character: There is no . in font nullfont!
Missing character: There is no . in font nullfont!
Missing character: There is no . in font nullfont!
Missing character: There is no . in font nullfont!
Missing character: There is no . in font nullfont!
Missing character: There is no . in font nullfont!
Missing character: There is no . in font nullfont!
Missing character: There is no . in font nullfont!
Missing character: There is no . in font nullfont!
Missing character: There is no . in font nullfont!
Missing character: There is no . in font nullfont!
Missing character: There is no . in font nullfont!
Missing character: There is no . in font nullfont!
Missing character: There is no . in font nullfont!
Missing character: There is no . in font nullfont!
Missing character: There is no . in font nullfont!
Missing character: There is no . in font nullfont!
Missing character: There is no . in font nullfont!
Missing character: There is no . in font nullfont!
Missing character: There is no . in font nullfont!
Missing character: There is no . in font nullfont!
Missing character: There is no . in font nullfont!
Missing character: There is no . in font nullfont!
Missing character: There is no . in font nullfont!
Missing character: There is no . in font nullfont!
Missing character: There is no . in font nullfont!
Missing character: There is no . in font nullfont!
Missing character: There is no . in font nullfont!
Missing character: There is no . in font nullfont!
Missing character: There is no . in font nullfont!
Missing character: There is no . in font nullfont!
Missing character: There is no . in font nullfont!
Missing character: There is no . in font nullfont!
Missing character: There is no . in font nullfont!
Missing character: There is no . in font nullfont!
Missing character: There is no . in font nullfont!
Missing character: There is no . in font nullfont!
Missing character: There is no . in font nullfont!
Missing character: There is no . in font nullfont!
Missing character: There is no . in font nullfont!
Missing character: There is no . in font nullfont!
Missing character: There is no . in font nullfont!
Missing character: There is no . in font nullfont!
Missing character: There is no . in font nullfont!
Missing character: There is no . in font nullfont!
! Undefined control sequence.
l.38 ~ & {\sf
              (czytelny podpis)} \\
The control sequence at the end of the top line
of your error message was never \def'ed. If you have
misspelled it (e.g., `\hobx'), type `I' and the correct
spelling (e.g., `I\hbox'). Otherwise just continue,
and I'll forget about whatever was undefined.

Missing character: There is no ( in font nullfont!
Missing character: There is no c in font nullfont!
Missing character: There is no z in font nullfont!
Missing character: There is no y in font nullfont!
Missing character: There is no t in font nullfont!
Missing character: There is no e in font nullfont!
Missing character: There is no l in font nullfont!
Missing character: There is no n in font nullfont!
Missing character: There is no y in font nullfont!
Missing character: There is no p in font nullfont!
Missing character: There is no o in font nullfont!
Missing character: There is no d in font nullfont!
Missing character: There is no p in font nullfont!
Missing character: There is no i in font nullfont!
Missing character: There is no s in font nullfont!
Missing character: There is no ) in font nullfont!

! LaTeX Error: The font size command \normalsize is not defined:
               there is probably something wrong with the class file.

See the LaTeX manual or LaTeX Companion for explanation.
Type  H <return>  for immediate help.
 ...                                              
                                                  
l.42 \newpage
             
Your command was ignored.
Type  I <command> <return>  to replace it with another command,
or  <return>  to continue without it.

[2]
Overfull \hbox (90.22186pt too wide) in paragraph at lines 46--47
[]\OT1/cmr/bx/n/10 Merytoryczna
 []


Overfull \hbox (28.43039pt too wide) in paragraph at lines 46--47
\OT1/cmr/bx/n/10 ocena
 []


Overfull \hbox (27.89568pt too wide) in paragraph at lines 46--47
\OT1/cmr/bx/n/10 pracy
 []


Overfull \hbox (26.61794pt too wide) in paragraph at lines 46--47
\OT1/cmr/bx/n/10 przez
 []


Overfull \hbox (45.04141pt too wide) in paragraph at lines 46--47
\OT1/cmr/bx/n/10 opiekuna 
 []


! LaTeX Error: The font size command \normalsize is not defined:
               there is probably something wrong with the class file.

See the LaTeX manual or LaTeX Companion for explanation.
Type  H <return>  for immediate help.
 ...                                              
                                                  
l.47 \newpage
             
Your command was ignored.
Type  I <command> <return>  to replace it with another command,
or  <return>  to continue without it.

[3]
Overfull \hbox (90.22186pt too wide) in paragraph at lines 48--49
[]\OT1/cmr/bx/n/10 Merytoryczna
 []


Overfull \hbox (28.43039pt too wide) in paragraph at lines 48--49
\OT1/cmr/bx/n/10 ocena
 []


Overfull \hbox (27.89568pt too wide) in paragraph at lines 48--49
\OT1/cmr/bx/n/10 pracy
 []


Overfull \hbox (26.61794pt too wide) in paragraph at lines 48--49
\OT1/cmr/bx/n/10 przez
 []


Overfull \hbox (13.84023pt too wide) in paragraph at lines 48--49
\OT1/cmr/bx/n/10 re-
 []


Overfull \hbox (20.60406pt too wide) in paragraph at lines 48--49
\OT1/cmr/bx/n/10 cen-
 []


Overfull \hbox (26.51373pt too wide) in paragraph at lines 48--49
\OT1/cmr/bx/n/10 zenta 
 []


! LaTeX Error: The font size command \normalsize is not defined:
               there is probably something wrong with the class file.

See the LaTeX manual or LaTeX Companion for explanation.
Type  H <return>  for immediate help.
 ...                                              
                                                  
l.49 \newpage
             
Your command was ignored.
Type  I <command> <return>  to replace it with another command,
or  <return>  to continue without it.

[4]
Overfull \hbox (20.0pt too wide) in paragraph at lines 52--52
[] 
 []

Missing character: There is no ≈ in font cmr10!
Missing character: There is no Ç in font cmr10!
Missing character: There is no ƒ in font cmr10!
Missing character: There is no ô in font cmr10!
Missing character: There is no ≈ in font cmr10!
Missing character: There is no º in font cmr10!
Missing character: There is no √ in font cmr10!
Missing character: There is no ≥ in font cmr10!

Overfull \hbox (34.72234pt too wide) in paragraph at lines 53--57
 \OT1/cmr/m/n/10 Skadam
 []


Overfull \hbox (41.19447pt too wide) in paragraph at lines 53--57
 \OT1/cmr/m/n/10 serdeczne
 []


Overfull \hbox (58.33347pt too wide) in paragraph at lines 53--57
 \OT1/cmr/m/n/10 podzikowanie
 []


Overfull \hbox (9.47224pt too wide) in paragraph at lines 53--57
 \OT1/cmr/m/n/10 dr
 []


Overfull \hbox (11.11115pt too wide) in paragraph at lines 53--57
 \OT1/cmr/m/n/10 in.
 []


Overfull \hbox (23.98611pt too wide) in paragraph at lines 53--57
 \OT1/cmr/m/n/10 Grze-
 []


Overfull \hbox (17.25003pt too wide) in paragraph at lines 53--57
 \OT1/cmr/m/n/10 gor-
 []


Overfull \hbox (19.16669pt too wide) in paragraph at lines 53--57
 \OT1/cmr/m/n/10 zowi
 []


Overfull \hbox (16.18057pt too wide) in paragraph at lines 53--57
 \OT1/cmr/m/n/10 Ga-
 []


Overfull \hbox (24.44447pt too wide) in paragraph at lines 53--57
 \OT1/cmr/m/n/10 chowi
 []


Overfull \hbox (9.44446pt too wide) in paragraph at lines 53--57
 \OT1/cmr/m/n/10 za
 []


Overfull \hbox (24.44447pt too wide) in paragraph at lines 53--57
 \OT1/cmr/m/n/10 cenne
 []


Overfull \hbox (40.61119pt too wide) in paragraph at lines 53--57
 \OT1/cmr/m/n/10 wskazwki
 []


Overfull \hbox (2.77779pt too wide) in paragraph at lines 53--57
 \OT1/cmr/m/n/10 i
 []


Overfull \hbox (14.1667pt too wide) in paragraph at lines 53--57
 \OT1/cmr/m/n/10 po-
 []


Overfull \hbox (18.0556pt too wide) in paragraph at lines 53--57
 \OT1/cmr/m/n/10 moc
 []


Overfull \hbox (19.19449pt too wide) in paragraph at lines 53--57
 \OT1/cmr/m/n/10 przy
 []


Overfull \hbox (20.61115pt too wide) in paragraph at lines 53--57
 \OT1/cmr/m/n/10 pisa-
 []


Overfull \hbox (13.88893pt too wide) in paragraph at lines 53--57
 \OT1/cmr/m/n/10 niu
 []


Overfull \hbox (40.05563pt too wide) in paragraph at lines 53--57
 \OT1/cmr/m/n/10 niniejszej
 []


Overfull \hbox (26.13895pt too wide) in paragraph at lines 53--57
 \OT1/cmr/m/n/10 pracy.
 []

! Undefined control sequence.
l.62 \tableofcontents
                     
The control sequence at the end of the top line
of your error message was never \def'ed. If you have
misspelled it (e.g., `\hobx'), type `I' and the correct
spelling (e.g., `I\hbox'). Otherwise just continue,
and I'll forget about whatever was undefined.

)
! Emergency stop.
<*> ./tytul.tex
               
*** (job aborted, no legal \end found)

 
Here is how much of TeX's memory you used:
 17 strings out of 493333
 177 string characters out of 3139196
 55242 words of memory out of 3000000
 3643 multiletter control sequences out of 15000+200000
 4253 words of font info for 16 fonts, out of 3000000 for 9000
 1141 hyphenation exceptions out of 8191
 18i,6n,12p,246b,137s stack positions out of 5000i,500n,10000p,200000b,50000s
!  ==> Fatal error occurred, no output PDF file produced!
